[debug] [2020-09-08T07:34:00.045Z] ----------------------------------------------------------------------
[debug] [2020-09-08T07:34:00.047Z] Command:       /usr/local/bin/node /usr/local/bin/firebase init
[debug] [2020-09-08T07:34:00.047Z] CLI Version:   3.17.3
[debug] [2020-09-08T07:34:00.047Z] Platform:      darwin
[debug] [2020-09-08T07:34:00.047Z] Node Version:  v12.13.0
[debug] [2020-09-08T07:34:00.051Z] Time:          Tue Sep 08 2020 13:04:00 GMT+0530 (India Standard Time)
[debug] [2020-09-08T07:34:00.052Z] ----------------------------------------------------------------------
[debug] 
[debug] [2020-09-08T07:34:00.063Z] > command requires scopes: ["email","openid","https://www.googleapis.com/auth/cloudplatformprojects.readonly","https://www.googleapis.com/auth/firebase"]
[debug] [2020-09-08T07:34:00.063Z] > authorizing via signed-in user
[info] 
     🔥🔥🔥🔥🔥🔥🔥🔥 🔥🔥🔥🔥 🔥🔥🔥🔥🔥🔥🔥🔥  🔥🔥🔥🔥🔥🔥🔥🔥 🔥🔥🔥🔥🔥🔥🔥🔥     🔥🔥🔥     🔥🔥🔥🔥🔥🔥  🔥🔥🔥🔥🔥🔥🔥🔥
     🔥🔥        🔥🔥  🔥🔥     🔥🔥 🔥🔥       🔥🔥     🔥🔥  🔥🔥   🔥🔥  🔥🔥       🔥🔥
     🔥🔥🔥🔥🔥🔥    🔥🔥  🔥🔥🔥🔥🔥🔥🔥🔥  🔥🔥🔥🔥🔥🔥   🔥🔥🔥🔥🔥🔥🔥🔥  🔥🔥🔥🔥🔥🔥🔥🔥🔥  🔥🔥🔥🔥🔥🔥  🔥🔥🔥🔥🔥🔥
     🔥🔥        🔥🔥  🔥🔥    🔥🔥  🔥🔥       🔥🔥     🔥🔥 🔥🔥     🔥🔥       🔥🔥 🔥🔥
     🔥🔥       🔥🔥🔥🔥 🔥🔥     🔥🔥 🔥🔥🔥🔥🔥🔥🔥🔥 🔥🔥🔥🔥🔥🔥🔥🔥  🔥🔥     🔥🔥  🔥🔥🔥🔥🔥🔥  🔥🔥🔥🔥🔥🔥🔥🔥

You're about to initialize a Firebase project in this directory:

  /Users/jrizvan/falcon/react-native-projects/react-newspaper

[info] 
=== Project Setup
[info] 
[info] First, let's associate this project directory with a Firebase project.
[info] You can create multiple project aliases by running firebase use --add, 
[info] but for now we'll just set up a default project.
[info] 
[debug] [2020-09-08T07:34:03.927Z] > refreshing access token with scopes: ["email","https://www.googleapis.com/auth/cloudplatformprojects.readonly","https://www.googleapis.com/auth/firebase","openid"]
[debug] [2020-09-08T07:34:03.927Z] >>> HTTP REQUEST POST https://www.googleapis.com/oauth2/v3/token  
 {
  refresh_token: '1//0g1izlJg7g6c9CgYIARAAGBASNwF-L9Ir4rH4hnbvnG9VuOuD1xQrWEKGXCH_Vi9aGYqmmGo2sKiF2Gog34XXHUqlVVItDB2xhlQ',
  client_id: '563584335869-fgrhgmd47bqnekij5i8b5pr03ho849e6.apps.googleusercontent.com',
  client_secret: 'j9iVZfS8kkCEFUPaAeJV0sAi',
  grant_type: 'refresh_token',
  scope: 'email https://www.googleapis.com/auth/cloudplatformprojects.readonly https://www.googleapis.com/auth/firebase openid'
} 
 Tue Sep 08 2020 13:04:03 GMT+0530 (India Standard Time)
[debug] [2020-09-08T07:34:05.073Z] <<< HTTP RESPONSE 200
[debug] [2020-09-08T07:34:05.080Z] >>> HTTP REQUEST GET https://admin.firebase.com/v1/projects  
  
 Tue Sep 08 2020 13:04:05 GMT+0530 (India Standard Time)
[debug] [2020-09-08T07:34:05.565Z] Error: connect ECONNREFUSED 104.197.85.31:443
    at TCPConnectWrap.afterConnect [as oncomplete] (net.js:1128:14)
[error] 
[error] Error: Server Error. connect ECONNREFUSED 104.197.85.31:443
[debug] [2020-09-08T07:34:07.814Z] ----------------------------------------------------------------------
[debug] [2020-09-08T07:34:07.816Z] Command:       /usr/local/bin/node /usr/local/bin/firebase init
[debug] [2020-09-08T07:34:07.816Z] CLI Version:   3.17.3
[debug] [2020-09-08T07:34:07.816Z] Platform:      darwin
[debug] [2020-09-08T07:34:07.816Z] Node Version:  v12.13.0
[debug] [2020-09-08T07:34:07.816Z] Time:          Tue Sep 08 2020 13:04:07 GMT+0530 (India Standard Time)
[debug] [2020-09-08T07:34:07.817Z] ----------------------------------------------------------------------
[debug] 
[debug] [2020-09-08T07:34:07.824Z] > command requires scopes: ["email","openid","https://www.googleapis.com/auth/cloudplatformprojects.readonly","https://www.googleapis.com/auth/firebase"]
[debug] [2020-09-08T07:34:07.824Z] > authorizing via signed-in user
[info] 
     🔥🔥🔥🔥🔥🔥🔥🔥 🔥🔥🔥🔥 🔥🔥🔥🔥🔥🔥🔥🔥  🔥🔥🔥🔥🔥🔥🔥🔥 🔥🔥🔥🔥🔥🔥🔥🔥     🔥🔥🔥     🔥🔥🔥🔥🔥🔥  🔥🔥🔥🔥🔥🔥🔥🔥
     🔥🔥        🔥🔥  🔥🔥     🔥🔥 🔥🔥       🔥🔥     🔥🔥  🔥🔥   🔥🔥  🔥🔥       🔥🔥
     🔥🔥🔥🔥🔥🔥    🔥🔥  🔥🔥🔥🔥🔥🔥🔥🔥  🔥🔥🔥🔥🔥🔥   🔥🔥🔥🔥🔥🔥🔥🔥  🔥🔥🔥🔥🔥🔥🔥🔥🔥  🔥🔥🔥🔥🔥🔥  🔥🔥🔥🔥🔥🔥
     🔥🔥        🔥🔥  🔥🔥    🔥🔥  🔥🔥       🔥🔥     🔥🔥 🔥🔥     🔥🔥       🔥🔥 🔥🔥
     🔥🔥       🔥🔥🔥🔥 🔥🔥     🔥🔥 🔥🔥🔥🔥🔥🔥🔥🔥 🔥🔥🔥🔥🔥🔥🔥🔥  🔥🔥     🔥🔥  🔥🔥🔥🔥🔥🔥  🔥🔥🔥🔥🔥🔥🔥🔥

You're about to initialize a Firebase project in this directory:

  /Users/jrizvan/falcon/react-native-projects/react-newspaper

[warn] ⚠  You have not selected any features. Continuing will simply associate this folder with a Firebase project. Press Ctrl + C if you want to start over.
[info] 
=== Project Setup
[info] 
[info] First, let's associate this project directory with a Firebase project.
[info] You can create multiple project aliases by running firebase use --add, 
[info] but for now we'll just set up a default project.
[info] 
[debug] [2020-09-08T07:34:21.289Z] >>> HTTP REQUEST GET https://admin.firebase.com/v1/projects  
  
 Tue Sep 08 2020 13:04:21 GMT+0530 (India Standard Time)
[debug] [2020-09-08T07:34:21.661Z] Error: connect ECONNREFUSED 104.197.85.31:443
    at TCPConnectWrap.afterConnect [as oncomplete] (net.js:1128:14)
[error] 
[error] Error: Server Error. connect ECONNREFUSED 104.197.85.31:443
